2020-04-25 18:29:52.065  INFO 10196 --- [main] c.e.demo.DemoApplication                 : Starting DemoApplication on DESKTOP-Q13U03J with PID 10196 (J:\SpringbootWeChatPayTestDemo\target\classes started by Administrator in J:\SpringbootWeChatPayTestDemo)
2020-04-25 18:29:52.081  INFO 10196 --- [main] c.e.demo.DemoApplication                 : No active profile set, falling back to default profiles: default
2020-04-25 18:29:54.115  WARN 10196 --- [main] o.m.s.mapper.ClassPathMapperScanner      : No MyBatis mapper was found in '[com.exampleofspringboot.demo]' package. Please check your configuration.
2020-04-25 18:29:54.795  INFO 10196 --- [main] o.s.b.w.embedded.tomcat.TomcatWebServer  : Tomcat initialized with port(s): 8080 (http)
2020-04-25 18:29:54.811  INFO 10196 --- [main] o.apache.catalina.core.StandardService   : Starting service [Tomcat]
2020-04-25 18:29:54.811  INFO 10196 --- [main] org.apache.catalina.core.StandardEngine  : Starting Servlet engine: [Apache Tomcat/9.0.21]
2020-04-25 18:29:54.944  INFO 10196 --- [main] o.a.c.c.C.[Tomcat].[localhost].[/]       : Initializing Spring embedded WebApplicationContext
2020-04-25 18:29:54.944  INFO 10196 --- [main] o.s.web.context.ContextLoader            : Root WebApplicationContext: initialization completed in 2645 ms
2020-04-25 18:29:55.241  INFO 10196 --- [main] o.s.s.concurrent.ThreadPoolTaskExecutor  : Initializing ExecutorService 'applicationTaskExecutor'
2020-04-25 18:29:55.382  INFO 10196 --- [main] o.s.b.a.w.s.WelcomePageHandlerMapping    : Adding welcome page template: index
2020-04-25 18:29:55.444  INFO 10196 --- [main] c.a.d.s.b.a.DruidDataSourceAutoConfigure : Init DruidDataSource
2020-04-25 18:29:56.054  INFO 10196 --- [main] com.alibaba.druid.pool.DruidDataSource   : {dataSource-1} inited
2020-04-25 18:29:56.304  INFO 10196 --- [main] o.s.b.w.embedded.tomcat.TomcatWebServer  : Tomcat started on port(s): 8080 (http) with context path ''
2020-04-25 18:29:56.320  INFO 10196 --- [main] c.e.demo.DemoApplication                 : Started DemoApplication in 5.225 seconds (JVM running for 7.034)
2020-04-25 18:30:29.711  INFO 10196 --- [http-nio-8080-exec-1] o.a.c.c.C.[Tomcat].[localhost].[/]       : Initializing Spring DispatcherServlet 'dispatcherServlet'
2020-04-25 18:30:29.712  INFO 10196 --- [http-nio-8080-exec-1] o.s.web.servlet.DispatcherServlet        : Initializing Servlet 'dispatcherServlet'
2020-04-25 18:30:29.721  INFO 10196 --- [http-nio-8080-exec-1] o.s.web.servlet.DispatcherServlet        : Completed initialization in 9 ms
2020-04-25 18:36:55.749  INFO 1548 --- [restartedMain] c.e.demo.DemoApplication                 : Starting DemoApplication on DESKTOP-Q13U03J with PID 1548 (J:\SpringbootWeChatPayTestDemo\target\classes started by Administrator in J:\SpringbootWeChatPayTestDemo)
2020-04-25 18:36:55.753  INFO 1548 --- [restartedMain] c.e.demo.DemoApplication                 : No active profile set, falling back to default profiles: default
2020-04-25 18:36:55.814  INFO 1548 --- [restartedMain] .e.DevToolsPropertyDefaultsPostProcessor : Devtools property defaults active! Set 'spring.devtools.add-properties' to 'false' to disable
2020-04-25 18:36:55.815  INFO 1548 --- [restartedMain] .e.DevToolsPropertyDefaultsPostProcessor : For additional web related logging consider setting the 'logging.level.web' property to 'DEBUG'
2020-04-25 18:36:56.683  WARN 1548 --- [restartedMain] o.m.s.mapper.ClassPathMapperScanner      : No MyBatis mapper was found in '[com.exampleofspringboot.demo]' package. Please check your configuration.
2020-04-25 18:36:57.776  INFO 1548 --- [restartedMain] o.s.b.w.embedded.tomcat.TomcatWebServer  : Tomcat initialized with port(s): 8080 (http)
2020-04-25 18:36:57.822  INFO 1548 --- [restartedMain] o.apache.catalina.core.StandardService   : Starting service [Tomcat]
2020-04-25 18:36:57.823  INFO 1548 --- [restartedMain] org.apache.catalina.core.StandardEngine  : Starting Servlet engine: [Apache Tomcat/9.0.21]
2020-04-25 18:36:57.959  INFO 1548 --- [restartedMain] o.a.c.c.C.[Tomcat].[localhost].[/]       : Initializing Spring embedded WebApplicationContext
2020-04-25 18:36:57.959  INFO 1548 --- [restartedMain] o.s.web.context.ContextLoader            : Root WebApplicationContext: initialization completed in 2143 ms
2020-04-25 18:36:58.272  INFO 1548 --- [restartedMain] o.s.s.concurrent.ThreadPoolTaskExecutor  : Initializing ExecutorService 'applicationTaskExecutor'
2020-04-25 18:36:58.397  INFO 1548 --- [restartedMain] o.s.b.a.w.s.WelcomePageHandlerMapping    : Adding welcome page template: index
2020-04-25 18:36:58.428  INFO 1548 --- [restartedMain] c.a.d.s.b.a.DruidDataSourceAutoConfigure : Init DruidDataSource
2020-04-25 18:36:58.772  INFO 1548 --- [restartedMain] com.alibaba.druid.pool.DruidDataSource   : {dataSource-1} inited
2020-04-25 18:36:58.912  INFO 1548 --- [restartedMain] o.s.b.d.a.OptionalLiveReloadServer       : LiveReload server is running on port 35729
2020-04-25 18:36:58.990  INFO 1548 --- [restartedMain] o.s.b.w.embedded.tomcat.TomcatWebServer  : Tomcat started on port(s): 8080 (http) with context path ''
2020-04-25 18:36:58.990  INFO 1548 --- [restartedMain] c.e.demo.DemoApplication                 : Started DemoApplication in 3.815 seconds (JVM running for 4.816)
2020-04-25 18:37:01.717  INFO 1548 --- [http-nio-8080-exec-1] o.a.c.c.C.[Tomcat].[localhost].[/]       : Initializing Spring DispatcherServlet 'dispatcherServlet'
2020-04-25 18:37:01.718  INFO 1548 --- [http-nio-8080-exec-1] o.s.web.servlet.DispatcherServlet        : Initializing Servlet 'dispatcherServlet'
2020-04-25 18:37:01.725  INFO 1548 --- [http-nio-8080-exec-1] o.s.web.servlet.DispatcherServlet        : Completed initialization in 7 ms
2020-04-25 18:37:14.588  INFO 1548 --- [Thread-6] com.alibaba.druid.pool.DruidDataSource   : {dataSource-1} closed
2020-04-25 18:37:14.588  INFO 1548 --- [Thread-6] o.s.s.concurrent.ThreadPoolTaskExecutor  : Shutting down ExecutorService 'applicationTaskExecutor'
2020-04-25 18:37:15.347  INFO 1548 --- [restartedMain] c.e.demo.DemoApplication                 : Starting DemoApplication on DESKTOP-Q13U03J with PID 1548 (J:\SpringbootWeChatPayTestDemo\target\classes started by Administrator in J:\SpringbootWeChatPayTestDemo)
2020-04-25 18:37:15.347  INFO 1548 --- [restartedMain] c.e.demo.DemoApplication                 : No active profile set, falling back to default profiles: default
2020-04-25 18:37:15.727  WARN 1548 --- [restartedMain] o.m.s.mapper.ClassPathMapperScanner      : No MyBatis mapper was found in '[com.exampleofspringboot.demo]' package. Please check your configuration.
2020-04-25 18:37:15.962  INFO 1548 --- [restartedMain] o.s.b.w.embedded.tomcat.TomcatWebServer  : Tomcat initialized with port(s): 8080 (http)
2020-04-25 18:37:15.962  INFO 1548 --- [restartedMain] o.apache.catalina.core.StandardService   : Starting service [Tomcat]
2020-04-25 18:37:15.962  INFO 1548 --- [restartedMain] org.apache.catalina.core.StandardEngine  : Starting Servlet engine: [Apache Tomcat/9.0.21]
2020-04-25 18:37:16.008  INFO 1548 --- [restartedMain] o.a.c.c.C.[Tomcat].[localhost].[/]       : Initializing Spring embedded WebApplicationContext
2020-04-25 18:37:16.008  INFO 1548 --- [restartedMain] o.s.web.context.ContextLoader            : Root WebApplicationContext: initialization completed in 657 ms
2020-04-25 18:37:16.150  INFO 1548 --- [restartedMain] o.s.s.concurrent.ThreadPoolTaskExecutor  : Initializing ExecutorService 'applicationTaskExecutor'
2020-04-25 18:37:16.208  INFO 1548 --- [restartedMain] o.s.b.a.w.s.WelcomePageHandlerMapping    : Adding welcome page template: index
2020-04-25 18:37:16.230  INFO 1548 --- [restartedMain] c.a.d.s.b.a.DruidDataSourceAutoConfigure : Init DruidDataSource
2020-04-25 18:37:16.314  INFO 1548 --- [restartedMain] com.alibaba.druid.pool.DruidDataSource   : {dataSource-2} inited
2020-04-25 18:37:16.379  INFO 1548 --- [restartedMain] o.s.b.d.a.OptionalLiveReloadServer       : LiveReload server is running on port 35729
2020-04-25 18:37:16.420  INFO 1548 --- [restartedMain] o.s.b.w.embedded.tomcat.TomcatWebServer  : Tomcat started on port(s): 8080 (http) with context path ''
2020-04-25 18:37:16.421  INFO 1548 --- [restartedMain] c.e.demo.DemoApplication                 : Started DemoApplication in 1.136 seconds (JVM running for 22.235)
2020-04-25 18:37:16.424  INFO 1548 --- [restartedMain] .ConditionEvaluationDeltaLoggingListener : Condition evaluation unchanged
2020-04-25 18:37:16.541  INFO 1548 --- [http-nio-8080-exec-1] o.a.c.c.C.[Tomcat].[localhost].[/]       : Initializing Spring DispatcherServlet 'dispatcherServlet'
2020-04-25 18:37:16.542  INFO 1548 --- [http-nio-8080-exec-1] o.s.web.servlet.DispatcherServlet        : Initializing Servlet 'dispatcherServlet'
2020-04-25 18:37:16.549  INFO 1548 --- [http-nio-8080-exec-1] o.s.web.servlet.DispatcherServlet        : Completed initialization in 6 ms
2020-04-25 18:37:48.217  INFO 1548 --- [Thread-10] com.alibaba.druid.pool.DruidDataSource   : {dataSource-2} closed
2020-04-25 18:37:48.217  INFO 1548 --- [Thread-10] o.s.s.concurrent.ThreadPoolTaskExecutor  : Shutting down ExecutorService 'applicationTaskExecutor'
2020-04-25 18:37:48.641  INFO 1548 --- [restartedMain] c.e.demo.DemoApplication                 : Starting DemoApplication on DESKTOP-Q13U03J with PID 1548 (J:\SpringbootWeChatPayTestDemo\target\classes started by Administrator in J:\SpringbootWeChatPayTestDemo)
2020-04-25 18:37:48.641  INFO 1548 --- [restartedMain] c.e.demo.DemoApplication                 : No active profile set, falling back to default profiles: default
2020-04-25 18:37:48.922  WARN 1548 --- [restartedMain] o.m.s.mapper.ClassPathMapperScanner      : No MyBatis mapper was found in '[com.exampleofspringboot.demo]' package. Please check your configuration.
2020-04-25 18:37:49.235  INFO 1548 --- [restartedMain] o.s.b.w.embedded.tomcat.TomcatWebServer  : Tomcat initialized with port(s): 8080 (http)
2020-04-25 18:37:49.235  INFO 1548 --- [restartedMain] o.apache.catalina.core.StandardService   : Starting service [Tomcat]
2020-04-25 18:37:49.235  INFO 1548 --- [restartedMain] org.apache.catalina.core.StandardEngine  : Starting Servlet engine: [Apache Tomcat/9.0.21]
2020-04-25 18:37:49.282  INFO 1548 --- [restartedMain] o.a.c.c.C.[Tomcat].[localhost].[/]       : Initializing Spring embedded WebApplicationContext
2020-04-25 18:37:49.282  INFO 1548 --- [restartedMain] o.s.web.context.ContextLoader            : Root WebApplicationContext: initialization completed in 625 ms
2020-04-25 18:37:49.407  INFO 1548 --- [restartedMain] o.s.s.concurrent.ThreadPoolTaskExecutor  : Initializing ExecutorService 'applicationTaskExecutor'
2020-04-25 18:37:49.469  INFO 1548 --- [restartedMain] o.s.b.a.w.s.WelcomePageHandlerMapping    : Adding welcome page template: index
2020-04-25 18:37:49.485  INFO 1548 --- [restartedMain] c.a.d.s.b.a.DruidDataSourceAutoConfigure : Init DruidDataSource
2020-04-25 18:37:49.578  INFO 1548 --- [restartedMain] com.alibaba.druid.pool.DruidDataSource   : {dataSource-3} inited
2020-04-25 18:37:49.641  INFO 1548 --- [restartedMain] o.s.b.d.a.OptionalLiveReloadServer       : LiveReload server is running on port 35729
2020-04-25 18:37:49.672  INFO 1548 --- [restartedMain] o.s.b.w.embedded.tomcat.TomcatWebServer  : Tomcat started on port(s): 8080 (http) with context path ''
2020-04-25 18:37:49.672  INFO 1548 --- [restartedMain] c.e.demo.DemoApplication                 : Started DemoApplication in 1.062 seconds (JVM running for 55.495)
2020-04-25 18:37:49.672  INFO 1548 --- [restartedMain] .ConditionEvaluationDeltaLoggingListener : Condition evaluation unchanged
2020-04-25 18:50:19.505  INFO 1548 --- [Thread-16] com.alibaba.druid.pool.DruidDataSource   : {dataSource-3} closed
2020-04-25 18:50:19.505  INFO 1548 --- [Thread-16] o.s.s.concurrent.ThreadPoolTaskExecutor  : Shutting down ExecutorService 'applicationTaskExecutor'
2020-04-25 18:50:20.033  INFO 1548 --- [restartedMain] c.e.demo.DemoApplication                 : Starting DemoApplication on DESKTOP-Q13U03J with PID 1548 (J:\SpringbootWeChatPayTestDemo\target\classes started by Administrator in J:\SpringbootWeChatPayTestDemo)
2020-04-25 18:50:20.033  INFO 1548 --- [restartedMain] c.e.demo.DemoApplication                 : No active profile set, falling back to default profiles: default
2020-04-25 18:50:20.553  WARN 1548 --- [restartedMain] o.m.s.mapper.ClassPathMapperScanner      : No MyBatis mapper was found in '[com.exampleofspringboot.demo]' package. Please check your configuration.
2020-04-25 18:50:20.692  INFO 1548 --- [restartedMain] o.s.b.w.embedded.tomcat.TomcatWebServer  : Tomcat initialized with port(s): 8080 (http)
2020-04-25 18:50:20.693  INFO 1548 --- [restartedMain] o.apache.catalina.core.StandardService   : Starting service [Tomcat]
2020-04-25 18:50:20.693  INFO 1548 --- [restartedMain] org.apache.catalina.core.StandardEngine  : Starting Servlet engine: [Apache Tomcat/9.0.21]
2020-04-25 18:50:20.716  INFO 1548 --- [restartedMain] o.a.c.c.C.[Tomcat].[localhost].[/]       : Initializing Spring embedded WebApplicationContext
2020-04-25 18:50:20.716  INFO 1548 --- [restartedMain] o.s.web.context.ContextLoader            : Root WebApplicationContext: initialization completed in 683 ms
2020-04-25 18:50:20.783  INFO 1548 --- [restartedMain] o.s.s.concurrent.ThreadPoolTaskExecutor  : Initializing ExecutorService 'applicationTaskExecutor'
2020-04-25 18:50:20.835  INFO 1548 --- [restartedMain] o.s.b.a.w.s.WelcomePageHandlerMapping    : Adding welcome page template: index
2020-04-25 18:50:20.852  INFO 1548 --- [restartedMain] c.a.d.s.b.a.DruidDataSourceAutoConfigure : Init DruidDataSource
2020-04-25 18:50:20.920  INFO 1548 --- [restartedMain] com.alibaba.druid.pool.DruidDataSource   : {dataSource-4} inited
2020-04-25 18:50:20.957  INFO 1548 --- [restartedMain] o.s.b.d.a.OptionalLiveReloadServer       : LiveReload server is running on port 35729
2020-04-25 18:50:20.972  INFO 1548 --- [restartedMain] o.s.b.w.embedded.tomcat.TomcatWebServer  : Tomcat started on port(s): 8080 (http) with context path ''
2020-04-25 18:50:20.972  INFO 1548 --- [restartedMain] c.e.demo.DemoApplication                 : Started DemoApplication in 1.002 seconds (JVM running for 806.797)
2020-04-25 18:50:20.972  INFO 1548 --- [restartedMain] .ConditionEvaluationDeltaLoggingListener : Condition evaluation unchanged
2020-04-25 18:50:26.435  INFO 1548 --- [Thread-22] com.alibaba.druid.pool.DruidDataSource   : {dataSource-4} closed
2020-04-25 18:50:26.435  INFO 1548 --- [Thread-22] o.s.s.concurrent.ThreadPoolTaskExecutor  : Shutting down ExecutorService 'applicationTaskExecutor'
2020-04-25 18:50:26.754  INFO 1548 --- [restartedMain] c.e.demo.DemoApplication                 : Starting DemoApplication on DESKTOP-Q13U03J with PID 1548 (J:\SpringbootWeChatPayTestDemo\target\classes started by Administrator in J:\SpringbootWeChatPayTestDemo)
2020-04-25 18:50:26.754  INFO 1548 --- [restartedMain] c.e.demo.DemoApplication                 : No active profile set, falling back to default profiles: default
2020-04-25 18:50:27.159  WARN 1548 --- [restartedMain] o.m.s.mapper.ClassPathMapperScanner      : No MyBatis mapper was found in '[com.exampleofspringboot.demo]' package. Please check your configuration.
2020-04-25 18:50:27.300  INFO 1548 --- [restartedMain] o.s.b.w.embedded.tomcat.TomcatWebServer  : Tomcat initialized with port(s): 8080 (http)
2020-04-25 18:50:27.315  INFO 1548 --- [restartedMain] o.apache.catalina.core.StandardService   : Starting service [Tomcat]
2020-04-25 18:50:27.315  INFO 1548 --- [restartedMain] org.apache.catalina.core.StandardEngine  : Starting Servlet engine: [Apache Tomcat/9.0.21]
2020-04-25 18:50:27.331  INFO 1548 --- [restartedMain] o.a.c.c.C.[Tomcat].[localhost].[/]       : Initializing Spring embedded WebApplicationContext
2020-04-25 18:50:27.331  INFO 1548 --- [restartedMain] o.s.web.context.ContextLoader            : Root WebApplicationContext: initialization completed in 577 ms
2020-04-25 18:50:27.472  INFO 1548 --- [restartedMain] o.s.s.concurrent.ThreadPoolTaskExecutor  : Initializing ExecutorService 'applicationTaskExecutor'
2020-04-25 18:50:27.503  INFO 1548 --- [restartedMain] o.s.b.a.w.s.WelcomePageHandlerMapping    : Adding welcome page template: index
2020-04-25 18:50:27.518  INFO 1548 --- [restartedMain] c.a.d.s.b.a.DruidDataSourceAutoConfigure : Init DruidDataSource
2020-04-25 18:50:27.565  INFO 1548 --- [restartedMain] com.alibaba.druid.pool.DruidDataSource   : {dataSource-5} inited
2020-04-25 18:50:27.612  INFO 1548 --- [restartedMain] o.s.b.d.a.OptionalLiveReloadServer       : LiveReload server is running on port 35729
2020-04-25 18:50:27.639  INFO 1548 --- [restartedMain] o.s.b.w.embedded.tomcat.TomcatWebServer  : Tomcat started on port(s): 8080 (http) with context path ''
2020-04-25 18:50:27.640  INFO 1548 --- [restartedMain] c.e.demo.DemoApplication                 : Started DemoApplication in 0.949 seconds (JVM running for 813.454)
2020-04-25 18:50:27.642  INFO 1548 --- [restartedMain] .ConditionEvaluationDeltaLoggingListener : Condition evaluation unchanged
2020-04-25 22:21:10.251  INFO 1548 --- [Thread-28] com.alibaba.druid.pool.DruidDataSource   : {dataSource-5} closed
2020-04-25 22:21:10.251  INFO 1548 --- [Thread-28] o.s.s.concurrent.ThreadPoolTaskExecutor  : Shutting down ExecutorService 'applicationTaskExecutor'
2020-04-25 22:21:10.727  INFO 1548 --- [restartedMain] c.e.demo.DemoApplication                 : Starting DemoApplication on DESKTOP-Q13U03J with PID 1548 (J:\SpringbootWeChatPayTestDemo\target\classes started by Administrator in J:\SpringbootWeChatPayTestDemo)
2020-04-25 22:21:10.727  INFO 1548 --- [restartedMain] c.e.demo.DemoApplication                 : No active profile set, falling back to default profiles: default
2020-04-25 22:21:11.156  WARN 1548 --- [restartedMain] o.m.s.mapper.ClassPathMapperScanner      : No MyBatis mapper was found in '[com.exampleofspringboot.demo]' package. Please check your configuration.
2020-04-25 22:21:11.343  INFO 1548 --- [restartedMain] o.s.b.w.embedded.tomcat.TomcatWebServer  : Tomcat initialized with port(s): 8080 (http)
2020-04-25 22:21:11.343  INFO 1548 --- [restartedMain] o.apache.catalina.core.StandardService   : Starting service [Tomcat]
2020-04-25 22:21:11.343  INFO 1548 --- [restartedMain] org.apache.catalina.core.StandardEngine  : Starting Servlet engine: [Apache Tomcat/9.0.21]
2020-04-25 22:21:11.375  INFO 1548 --- [restartedMain] o.a.c.c.C.[Tomcat].[localhost].[/]       : Initializing Spring embedded WebApplicationContext
2020-04-25 22:21:11.375  INFO 1548 --- [restartedMain] o.s.web.context.ContextLoader            : Root WebApplicationContext: initialization completed in 648 ms
2020-04-25 22:21:11.468  INFO 1548 --- [restartedMain] o.s.s.concurrent.ThreadPoolTaskExecutor  : Initializing ExecutorService 'applicationTaskExecutor'
2020-04-25 22:21:11.531  INFO 1548 --- [restartedMain] o.s.b.a.w.s.WelcomePageHandlerMapping    : Adding welcome page template: index
2020-04-25 22:21:11.562  INFO 1548 --- [restartedMain] c.a.d.s.b.a.DruidDataSourceAutoConfigure : Init DruidDataSource
2020-04-25 22:21:11.625  INFO 1548 --- [restartedMain] com.alibaba.druid.pool.DruidDataSource   : {dataSource-6} inited
2020-04-25 22:21:11.672  INFO 1548 --- [restartedMain] o.s.b.d.a.OptionalLiveReloadServer       : LiveReload server is running on port 35729
2020-04-25 22:21:11.703  INFO 1548 --- [restartedMain] o.s.b.w.embedded.tomcat.TomcatWebServer  : Tomcat started on port(s): 8080 (http) with context path ''
2020-04-25 22:21:11.703  INFO 1548 --- [restartedMain] c.e.demo.DemoApplication                 : Started DemoApplication in 1.023 seconds (JVM running for 13457.53)
2020-04-25 22:21:11.718  INFO 1548 --- [restartedMain] .ConditionEvaluationDeltaLoggingListener : Condition evaluation unchanged
2020-04-25 22:21:14.108  INFO 1548 --- [Thread-34] com.alibaba.druid.pool.DruidDataSource   : {dataSource-6} closed
2020-04-25 22:21:14.108  INFO 1548 --- [Thread-34] o.s.s.concurrent.ThreadPoolTaskExecutor  : Shutting down ExecutorService 'applicationTaskExecutor'
2020-04-25 22:21:14.512  INFO 1548 --- [restartedMain] c.e.demo.DemoApplication                 : Starting DemoApplication on DESKTOP-Q13U03J with PID 1548 (J:\SpringbootWeChatPayTestDemo\target\classes started by Administrator in J:\SpringbootWeChatPayTestDemo)
2020-04-25 22:21:14.512  INFO 1548 --- [restartedMain] c.e.demo.DemoApplication                 : No active profile set, falling back to default profiles: default
2020-04-25 22:21:14.762  WARN 1548 --- [restartedMain] o.m.s.mapper.ClassPathMapperScanner      : No MyBatis mapper was found in '[com.exampleofspringboot.demo]' package. Please check your configuration.
2020-04-25 22:21:14.949  INFO 1548 --- [restartedMain] o.s.b.w.embedded.tomcat.TomcatWebServer  : Tomcat initialized with port(s): 8080 (http)
2020-04-25 22:21:14.949  INFO 1548 --- [restartedMain] o.apache.catalina.core.StandardService   : Starting service [Tomcat]
2020-04-25 22:21:14.949  INFO 1548 --- [restartedMain] org.apache.catalina.core.StandardEngine  : Starting Servlet engine: [Apache Tomcat/9.0.21]
2020-04-25 22:21:14.996  INFO 1548 --- [restartedMain] o.a.c.c.C.[Tomcat].[localhost].[/]       : Initializing Spring embedded WebApplicationContext
2020-04-25 22:21:14.996  INFO 1548 --- [restartedMain] o.s.web.context.ContextLoader            : Root WebApplicationContext: initialization completed in 469 ms
2020-04-25 22:21:15.106  INFO 1548 --- [restartedMain] o.s.s.concurrent.ThreadPoolTaskExecutor  : Initializing ExecutorService 'applicationTaskExecutor'
2020-04-25 22:21:15.168  INFO 1548 --- [restartedMain] o.s.b.a.w.s.WelcomePageHandlerMapping    : Adding welcome page template: index
2020-04-25 22:21:15.199  INFO 1548 --- [restartedMain] c.a.d.s.b.a.DruidDataSourceAutoConfigure : Init DruidDataSource
2020-04-25 22:21:15.303  INFO 1548 --- [restartedMain] com.alibaba.druid.pool.DruidDataSource   : {dataSource-7} inited
2020-04-25 22:21:15.382  INFO 1548 --- [restartedMain] o.s.b.d.a.OptionalLiveReloadServer       : LiveReload server is running on port 35729
2020-04-25 22:21:15.441  INFO 1548 --- [restartedMain] o.s.b.w.embedded.tomcat.TomcatWebServer  : Tomcat started on port(s): 8080 (http) with context path ''
2020-04-25 22:21:15.443  INFO 1548 --- [restartedMain] c.e.demo.DemoApplication                 : Started DemoApplication in 0.978 seconds (JVM running for 13461.257)
2020-04-25 22:21:15.445  INFO 1548 --- [restartedMain] .ConditionEvaluationDeltaLoggingListener : Condition evaluation unchanged
2020-04-25 22:51:48.785  INFO 1548 --- [Thread-40] com.alibaba.druid.pool.DruidDataSource   : {dataSource-7} closed
2020-04-25 22:51:48.786  INFO 1548 --- [Thread-40] o.s.s.concurrent.ThreadPoolTaskExecutor  : Shutting down ExecutorService 'applicationTaskExecutor'
2020-04-25 22:51:49.117  INFO 1548 --- [restartedMain] c.e.demo.DemoApplication                 : Starting DemoApplication on DESKTOP-Q13U03J with PID 1548 (J:\SpringbootWeChatPayTestDemo\target\classes started by Administrator in J:\SpringbootWeChatPayTestDemo)
2020-04-25 22:51:49.118  INFO 1548 --- [restartedMain] c.e.demo.DemoApplication                 : No active profile set, falling back to default profiles: default
2020-04-25 22:51:49.446  WARN 1548 --- [restartedMain] o.m.s.mapper.ClassPathMapperScanner      : No MyBatis mapper was found in '[com.exampleofspringboot.demo]' package. Please check your configuration.
2020-04-25 22:51:49.621  INFO 1548 --- [restartedMain] o.s.b.w.embedded.tomcat.TomcatWebServer  : Tomcat initialized with port(s): 8080 (http)
2020-04-25 22:51:49.622  INFO 1548 --- [restartedMain] o.apache.catalina.core.StandardService   : Starting service [Tomcat]
2020-04-25 22:51:49.623  INFO 1548 --- [restartedMain] org.apache.catalina.core.StandardEngine  : Starting Servlet engine: [Apache Tomcat/9.0.21]
2020-04-25 22:51:49.655  INFO 1548 --- [restartedMain] o.a.c.c.C.[Tomcat].[localhost].[/]       : Initializing Spring embedded WebApplicationContext
2020-04-25 22:51:49.655  INFO 1548 --- [restartedMain] o.s.web.context.ContextLoader            : Root WebApplicationContext: initialization completed in 535 ms
2020-04-25 22:51:49.869  INFO 1548 --- [restartedMain] o.s.s.concurrent.ThreadPoolTaskExecutor  : Initializing ExecutorService 'applicationTaskExecutor'
2020-04-25 22:51:49.982  INFO 1548 --- [restartedMain] o.s.b.a.w.s.WelcomePageHandlerMapping    : Adding welcome page template: index
2020-04-25 22:51:50.020  INFO 1548 --- [restartedMain] c.a.d.s.b.a.DruidDataSourceAutoConfigure : Init DruidDataSource
2020-04-25 22:51:50.160  INFO 1548 --- [restartedMain] com.alibaba.druid.pool.DruidDataSource   : {dataSource-8} inited
2020-04-25 22:51:50.237  INFO 1548 --- [restartedMain] o.s.b.d.a.OptionalLiveReloadServer       : LiveReload server is running on port 35729
2020-04-25 22:51:50.342  INFO 1548 --- [restartedMain] o.s.b.w.embedded.tomcat.TomcatWebServer  : Tomcat started on port(s): 8080 (http) with context path ''
2020-04-25 22:51:50.342  INFO 1548 --- [restartedMain] c.e.demo.DemoApplication                 : Started DemoApplication in 1.265 seconds (JVM running for 15296.157)
2020-04-25 22:51:50.345  INFO 1548 --- [restartedMain] .ConditionEvaluationDeltaLoggingListener : Condition evaluation unchanged
2020-04-25 22:55:49.173  INFO 1548 --- [Thread-46] com.alibaba.druid.pool.DruidDataSource   : {dataSource-8} closed
2020-04-25 22:55:49.173  INFO 1548 --- [Thread-46] o.s.s.concurrent.ThreadPoolTaskExecutor  : Shutting down ExecutorService 'applicationTaskExecutor'
2020-04-25 22:55:49.585  INFO 1548 --- [restartedMain] c.e.demo.DemoApplication                 : Starting DemoApplication on DESKTOP-Q13U03J with PID 1548 (J:\SpringbootWeChatPayTestDemo\target\classes started by Administrator in J:\SpringbootWeChatPayTestDemo)
2020-04-25 22:55:49.601  INFO 1548 --- [restartedMain] c.e.demo.DemoApplication                 : No active profile set, falling back to default profiles: default
2020-04-25 22:55:49.944  WARN 1548 --- [restartedMain] o.m.s.mapper.ClassPathMapperScanner      : No MyBatis mapper was found in '[com.exampleofspringboot.demo]' package. Please check your configuration.
2020-04-25 22:55:50.116  INFO 1548 --- [restartedMain] o.s.b.w.embedded.tomcat.TomcatWebServer  : Tomcat initialized with port(s): 8080 (http)
2020-04-25 22:55:50.116  INFO 1548 --- [restartedMain] o.apache.catalina.core.StandardService   : Starting service [Tomcat]
2020-04-25 22:55:50.116  INFO 1548 --- [restartedMain] org.apache.catalina.core.StandardEngine  : Starting Servlet engine: [Apache Tomcat/9.0.21]
2020-04-25 22:55:50.148  INFO 1548 --- [restartedMain] o.a.c.c.C.[Tomcat].[localhost].[/]       : Initializing Spring embedded WebApplicationContext
2020-04-25 22:55:50.148  INFO 1548 --- [restartedMain] o.s.web.context.ContextLoader            : Root WebApplicationContext: initialization completed in 547 ms
2020-04-25 22:55:50.241  INFO 1548 --- [restartedMain] o.s.s.concurrent.ThreadPoolTaskExecutor  : Initializing ExecutorService 'applicationTaskExecutor'
2020-04-25 22:55:50.288  INFO 1548 --- [restartedMain] o.s.b.a.w.s.WelcomePageHandlerMapping    : Adding welcome page template: index
2020-04-25 22:55:50.319  INFO 1548 --- [restartedMain] c.a.d.s.b.a.DruidDataSourceAutoConfigure : Init DruidDataSource
2020-04-25 22:55:50.398  INFO 1548 --- [restartedMain] com.alibaba.druid.pool.DruidDataSource   : {dataSource-9} inited
2020-04-25 22:55:50.460  INFO 1548 --- [restartedMain] o.s.b.d.a.OptionalLiveReloadServer       : LiveReload server is running on port 35729
2020-04-25 22:55:50.507  INFO 1548 --- [restartedMain] o.s.b.w.embedded.tomcat.TomcatWebServer  : Tomcat started on port(s): 8080 (http) with context path ''
2020-04-25 22:55:50.507  INFO 1548 --- [restartedMain] c.e.demo.DemoApplication                 : Started DemoApplication in 0.969 seconds (JVM running for 15536.322)
2020-04-25 22:55:50.507  INFO 1548 --- [restartedMain] .ConditionEvaluationDeltaLoggingListener : Condition evaluation unchanged
2020-04-25 22:56:08.205  INFO 1548 --- [Thread-52] com.alibaba.druid.pool.DruidDataSource   : {dataSource-9} closed
2020-04-25 22:56:08.205  INFO 1548 --- [Thread-52] o.s.s.concurrent.ThreadPoolTaskExecutor  : Shutting down ExecutorService 'applicationTaskExecutor'
2020-04-25 22:56:08.549  INFO 1548 --- [restartedMain] c.e.demo.DemoApplication                 : Starting DemoApplication on DESKTOP-Q13U03J with PID 1548 (J:\SpringbootWeChatPayTestDemo\target\classes started by Administrator in J:\SpringbootWeChatPayTestDemo)
2020-04-25 22:56:08.549  INFO 1548 --- [restartedMain] c.e.demo.DemoApplication                 : No active profile set, falling back to default profiles: default
2020-04-25 22:56:08.830  WARN 1548 --- [restartedMain] o.m.s.mapper.ClassPathMapperScanner      : No MyBatis mapper was found in '[com.exampleofspringboot.demo]' package. Please check your configuration.
2020-04-25 22:56:09.001  INFO 1548 --- [restartedMain] o.s.b.w.embedded.tomcat.TomcatWebServer  : Tomcat initialized with port(s): 8080 (http)
2020-04-25 22:56:09.003  INFO 1548 --- [restartedMain] o.apache.catalina.core.StandardService   : Starting service [Tomcat]
2020-04-25 22:56:09.003  INFO 1548 --- [restartedMain] org.apache.catalina.core.StandardEngine  : Starting Servlet engine: [Apache Tomcat/9.0.21]
2020-04-25 22:56:09.033  INFO 1548 --- [restartedMain] o.a.c.c.C.[Tomcat].[localhost].[/]       : Initializing Spring embedded WebApplicationContext
2020-04-25 22:56:09.034  INFO 1548 --- [restartedMain] o.s.web.context.ContextLoader            : Root WebApplicationContext: initialization completed in 485 ms
2020-04-25 22:56:09.149  INFO 1548 --- [restartedMain] o.s.s.concurrent.ThreadPoolTaskExecutor  : Initializing ExecutorService 'applicationTaskExecutor'
2020-04-25 22:56:09.216  INFO 1548 --- [restartedMain] o.s.b.a.w.s.WelcomePageHandlerMapping    : Adding welcome page template: index
2020-04-25 22:56:09.241  INFO 1548 --- [restartedMain] c.a.d.s.b.a.DruidDataSourceAutoConfigure : Init DruidDataSource
2020-04-25 22:56:09.310  INFO 1548 --- [restartedMain] com.alibaba.druid.pool.DruidDataSource   : {dataSource-10} inited
2020-04-25 22:56:09.374  INFO 1548 --- [restartedMain] o.s.b.d.a.OptionalLiveReloadServer       : LiveReload server is running on port 35729
2020-04-25 22:56:09.418  INFO 1548 --- [restartedMain] o.s.b.w.embedded.tomcat.TomcatWebServer  : Tomcat started on port(s): 8080 (http) with context path ''
2020-04-25 22:56:09.421  INFO 1548 --- [restartedMain] c.e.demo.DemoApplication                 : Started DemoApplication in 0.949 seconds (JVM running for 15555.233)
2020-04-25 22:56:09.424  INFO 1548 --- [restartedMain] .ConditionEvaluationDeltaLoggingListener : Condition evaluation unchanged
2020-04-25 22:56:13.862  INFO 1548 --- [Thread-58] com.alibaba.druid.pool.DruidDataSource   : {dataSource-10} closed
2020-04-25 22:56:13.862  INFO 1548 --- [Thread-58] o.s.s.concurrent.ThreadPoolTaskExecutor  : Shutting down ExecutorService 'applicationTaskExecutor'
2020-04-25 22:56:14.201  INFO 1548 --- [restartedMain] c.e.demo.DemoApplication                 : Starting DemoApplication on DESKTOP-Q13U03J with PID 1548 (J:\SpringbootWeChatPayTestDemo\target\classes started by Administrator in J:\SpringbootWeChatPayTestDemo)
2020-04-25 22:56:14.201  INFO 1548 --- [restartedMain] c.e.demo.DemoApplication                 : No active profile set, falling back to default profiles: default
2020-04-25 22:56:14.451  WARN 1548 --- [restartedMain] o.m.s.mapper.ClassPathMapperScanner      : No MyBatis mapper was found in '[com.exampleofspringboot.demo]' package. Please check your configuration.
2020-04-25 22:56:14.592  INFO 1548 --- [restartedMain] o.s.b.w.embedded.tomcat.TomcatWebServer  : Tomcat initialized with port(s): 8080 (http)
2020-04-25 22:56:14.592  INFO 1548 --- [restartedMain] o.apache.catalina.core.StandardService   : Starting service [Tomcat]
2020-04-25 22:56:14.592  INFO 1548 --- [restartedMain] org.apache.catalina.core.StandardEngine  : Starting Servlet engine: [Apache Tomcat/9.0.21]
2020-04-25 22:56:14.623  INFO 1548 --- [restartedMain] o.a.c.c.C.[Tomcat].[localhost].[/]       : Initializing Spring embedded WebApplicationContext
2020-04-25 22:56:14.623  INFO 1548 --- [restartedMain] o.s.web.context.ContextLoader            : Root WebApplicationContext: initialization completed in 418 ms
2020-04-25 22:56:14.720  INFO 1548 --- [restartedMain] o.s.s.concurrent.ThreadPoolTaskExecutor  : Initializing ExecutorService 'applicationTaskExecutor'
2020-04-25 22:56:14.782  INFO 1548 --- [restartedMain] o.s.b.a.w.s.WelcomePageHandlerMapping    : Adding welcome page template: index
2020-04-25 22:56:14.798  INFO 1548 --- [restartedMain] c.a.d.s.b.a.DruidDataSourceAutoConfigure : Init DruidDataSource
2020-04-25 22:56:14.876  INFO 1548 --- [restartedMain] com.alibaba.druid.pool.DruidDataSource   : {dataSource-11} inited
2020-04-25 22:56:14.923  INFO 1548 --- [restartedMain] o.s.b.d.a.OptionalLiveReloadServer       : LiveReload server is running on port 35729
2020-04-25 22:56:14.970  INFO 1548 --- [restartedMain] o.s.b.w.embedded.tomcat.TomcatWebServer  : Tomcat started on port(s): 8080 (http) with context path ''
2020-04-25 22:56:14.970  INFO 1548 --- [restartedMain] c.e.demo.DemoApplication                 : Started DemoApplication in 0.823 seconds (JVM running for 15560.79)
2020-04-25 22:56:14.970  INFO 1548 --- [restartedMain] .ConditionEvaluationDeltaLoggingListener : Condition evaluation unchanged
2020-04-25 22:58:09.748  INFO 1548 --- [Thread-64] com.alibaba.druid.pool.DruidDataSource   : {dataSource-11} closed
2020-04-25 22:58:09.749  INFO 1548 --- [Thread-64] o.s.s.concurrent.ThreadPoolTaskExecutor  : Shutting down ExecutorService 'applicationTaskExecutor'
2020-04-25 22:58:10.199  INFO 1548 --- [restartedMain] c.e.demo.DemoApplication                 : Starting DemoApplication on DESKTOP-Q13U03J with PID 1548 (J:\SpringbootWeChatPayTestDemo\target\classes started by Administrator in J:\SpringbootWeChatPayTestDemo)
2020-04-25 22:58:10.200  INFO 1548 --- [restartedMain] c.e.demo.DemoApplication                 : No active profile set, falling back to default profiles: default
2020-04-25 22:58:10.555  WARN 1548 --- [restartedMain] o.m.s.mapper.ClassPathMapperScanner      : No MyBatis mapper was found in '[com.exampleofspringboot.demo]' package. Please check your configuration.
2020-04-25 22:58:10.710  INFO 1548 --- [restartedMain] o.s.b.w.embedded.tomcat.TomcatWebServer  : Tomcat initialized with port(s): 8080 (http)
2020-04-25 22:58:10.711  INFO 1548 --- [restartedMain] o.apache.catalina.core.StandardService   : Starting service [Tomcat]
2020-04-25 22:58:10.712  INFO 1548 --- [restartedMain] org.apache.catalina.core.StandardEngine  : Starting Servlet engine: [Apache Tomcat/9.0.21]
2020-04-25 22:58:10.737  INFO 1548 --- [restartedMain] o.a.c.c.C.[Tomcat].[localhost].[/]       : Initializing Spring embedded WebApplicationContext
2020-04-25 22:58:10.738  INFO 1548 --- [restartedMain] o.s.web.context.ContextLoader            : Root WebApplicationContext: initialization completed in 533 ms
2020-04-25 22:58:10.851  INFO 1548 --- [restartedMain] o.s.s.concurrent.ThreadPoolTaskExecutor  : Initializing ExecutorService 'applicationTaskExecutor'
2020-04-25 22:58:10.891  INFO 1548 --- [restartedMain] o.s.b.a.w.s.WelcomePageHandlerMapping    : Adding welcome page template: index
2020-04-25 22:58:10.921  INFO 1548 --- [restartedMain] c.a.d.s.b.a.DruidDataSourceAutoConfigure : Init DruidDataSource
2020-04-25 22:58:10.993  INFO 1548 --- [restartedMain] com.alibaba.druid.pool.DruidDataSource   : {dataSource-12} inited
2020-04-25 22:58:11.050  INFO 1548 --- [restartedMain] o.s.b.d.a.OptionalLiveReloadServer       : LiveReload server is running on port 35729
2020-04-25 22:58:11.101  INFO 1548 --- [restartedMain] o.s.b.w.embedded.tomcat.TomcatWebServer  : Tomcat started on port(s): 8080 (http) with context path ''
2020-04-25 22:58:11.101  INFO 1548 --- [restartedMain] c.e.demo.DemoApplication                 : Started DemoApplication in 0.938 seconds (JVM running for 15676.915)
2020-04-25 22:58:11.104  INFO 1548 --- [restartedMain] .ConditionEvaluationDeltaLoggingListener : Condition evaluation unchanged
2020-04-25 22:59:21.151  INFO 1548 --- [Thread-70] com.alibaba.druid.pool.DruidDataSource   : {dataSource-12} closed
2020-04-25 22:59:21.151  INFO 1548 --- [Thread-70] o.s.s.concurrent.ThreadPoolTaskExecutor  : Shutting down ExecutorService 'applicationTaskExecutor'
2020-04-25 22:59:21.535  INFO 1548 --- [restartedMain] c.e.demo.DemoApplication                 : Starting DemoApplication on DESKTOP-Q13U03J with PID 1548 (J:\SpringbootWeChatPayTestDemo\target\classes started by Administrator in J:\SpringbootWeChatPayTestDemo)
2020-04-25 22:59:21.535  INFO 1548 --- [restartedMain] c.e.demo.DemoApplication                 : No active profile set, falling back to default profiles: default
2020-04-25 22:59:22.188  WARN 1548 --- [restartedMain] o.m.s.mapper.ClassPathMapperScanner      : No MyBatis mapper was found in '[com.exampleofspringboot.demo]' package. Please check your configuration.
2020-04-25 22:59:22.364  INFO 1548 --- [restartedMain] o.s.b.w.embedded.tomcat.TomcatWebServer  : Tomcat initialized with port(s): 8080 (http)
2020-04-25 22:59:22.365  INFO 1548 --- [restartedMain] o.apache.catalina.core.StandardService   : Starting service [Tomcat]
2020-04-25 22:59:22.366  INFO 1548 --- [restartedMain] org.apache.catalina.core.StandardEngine  : Starting Servlet engine: [Apache Tomcat/9.0.21]
2020-04-25 22:59:22.414  INFO 1548 --- [restartedMain] o.a.c.c.C.[Tomcat].[localhost].[/]       : Initializing Spring embedded WebApplicationContext
2020-04-25 22:59:22.415  INFO 1548 --- [restartedMain] o.s.web.context.ContextLoader            : Root WebApplicationContext: initialization completed in 880 ms
2020-04-25 22:59:22.533  INFO 1548 --- [restartedMain] o.s.s.concurrent.ThreadPoolTaskExecutor  : Initializing ExecutorService 'applicationTaskExecutor'
2020-04-25 22:59:22.598  INFO 1548 --- [restartedMain] o.s.b.a.w.s.WelcomePageHandlerMapping    : Adding welcome page template: index
2020-04-25 22:59:22.618  INFO 1548 --- [restartedMain] c.a.d.s.b.a.DruidDataSourceAutoConfigure : Init DruidDataSource
2020-04-25 22:59:22.706  INFO 1548 --- [restartedMain] com.alibaba.druid.pool.DruidDataSource   : {dataSource-13} inited
2020-04-25 22:59:22.819  INFO 1548 --- [restartedMain] o.s.b.d.a.OptionalLiveReloadServer       : LiveReload server is running on port 35729
2020-04-25 22:59:22.880  INFO 1548 --- [restartedMain] o.s.b.w.embedded.tomcat.TomcatWebServer  : Tomcat started on port(s): 8080 (http) with context path ''
2020-04-25 22:59:22.881  INFO 1548 --- [restartedMain] c.e.demo.DemoApplication                 : Started DemoApplication in 1.409 seconds (JVM running for 15748.695)
2020-04-25 22:59:22.884  INFO 1548 --- [restartedMain] .ConditionEvaluationDeltaLoggingListener : Condition evaluation unchanged
2020-04-25 23:00:27.306  INFO 1548 --- [Thread-76] com.alibaba.druid.pool.DruidDataSource   : {dataSource-13} closed
2020-04-25 23:00:27.308  INFO 1548 --- [Thread-76] o.s.s.concurrent.ThreadPoolTaskExecutor  : Shutting down ExecutorService 'applicationTaskExecutor'
2020-04-25 23:00:27.708  INFO 1548 --- [restartedMain] c.e.demo.DemoApplication                 : Starting DemoApplication on DESKTOP-Q13U03J with PID 1548 (J:\SpringbootWeChatPayTestDemo\target\classes started by Administrator in J:\SpringbootWeChatPayTestDemo)
2020-04-25 23:00:27.709  INFO 1548 --- [restartedMain] c.e.demo.DemoApplication                 : No active profile set, falling back to default profiles: default
2020-04-25 23:00:28.023  WARN 1548 --- [restartedMain] o.m.s.mapper.ClassPathMapperScanner      : No MyBatis mapper was found in '[com.exampleofspringboot.demo]' package. Please check your configuration.
2020-04-25 23:00:28.194  INFO 1548 --- [restartedMain] o.s.b.w.embedded.tomcat.TomcatWebServer  : Tomcat initialized with port(s): 8080 (http)
2020-04-25 23:00:28.194  INFO 1548 --- [restartedMain] o.apache.catalina.core.StandardService   : Starting service [Tomcat]
2020-04-25 23:00:28.194  INFO 1548 --- [restartedMain] org.apache.catalina.core.StandardEngine  : Starting Servlet engine: [Apache Tomcat/9.0.21]
2020-04-25 23:00:28.210  INFO 1548 --- [restartedMain] o.a.c.c.C.[Tomcat].[localhost].[/]       : Initializing Spring embedded WebApplicationContext
2020-04-25 23:00:28.210  INFO 1548 --- [restartedMain] o.s.web.context.ContextLoader            : Root WebApplicationContext: initialization completed in 497 ms
2020-04-25 23:00:28.335  INFO 1548 --- [restartedMain] o.s.s.concurrent.ThreadPoolTaskExecutor  : Initializing ExecutorService 'applicationTaskExecutor'
2020-04-25 23:00:28.398  INFO 1548 --- [restartedMain] o.s.b.a.w.s.WelcomePageHandlerMapping    : Adding welcome page template: index
2020-04-25 23:00:28.429  INFO 1548 --- [restartedMain] c.a.d.s.b.a.DruidDataSourceAutoConfigure : Init DruidDataSource
2020-04-25 23:00:28.491  INFO 1548 --- [restartedMain] com.alibaba.druid.pool.DruidDataSource   : {dataSource-14} inited
2020-04-25 23:00:28.538  INFO 1548 --- [restartedMain] o.s.b.d.a.OptionalLiveReloadServer       : LiveReload server is running on port 35729
2020-04-25 23:00:28.570  INFO 1548 --- [restartedMain] o.s.b.w.embedded.tomcat.TomcatWebServer  : Tomcat started on port(s): 8080 (http) with context path ''
2020-04-25 23:00:28.570  INFO 1548 --- [restartedMain] c.e.demo.DemoApplication                 : Started DemoApplication in 0.914 seconds (JVM running for 15814.392)
2020-04-25 23:00:28.570  INFO 1548 --- [restartedMain] .ConditionEvaluationDeltaLoggingListener : Condition evaluation unchanged
